>> Writing PID to tmp/pids/thin.4000.pid
>> Using rack adapter
>> Thin web server (v1.5.0 codename Knife)
>> Maximum connections set to 256
>> Listening on 0.0.0.0:4000, CTRL+C to stop
<<<<<<< HEAD
>> Writing PID to tmp/pids/thin.4000.pid
>> Using rack adapter
>> Thin web server (v1.5.0 codename Knife)
>> Maximum connections set to 1024
>> Listening on 0.0.0.0:4000, CTRL+C to stop
>> Exiting!
>> Writing PID to tmp/pids/thin.4000.pid
>> Using rack adapter
>> Thin web server (v1.5.0 codename Knife)
>> Maximum connections set to 1024
>> Listening on 0.0.0.0:4000, CTRL+C to stop
>> Exiting!
>> Writing PID to tmp/pids/thin.4000.pid
>> Using rack adapter
>> Thin web server (v1.5.0 codename Knife)
>> Maximum connections set to 1024
>> Listening on 119.147.23.192:4000, CTRL+C to stop
>> Exiting!
>> Writing PID to tmp/pids/thin.4000.pid
>> Using rack adapter
>> Thin web server (v1.5.0 codename Knife)
>> Maximum connections set to 1024
>> Listening on 119.147.23.192:4000, CTRL+C to stop
>> Exiting!
>> Writing PID to tmp/pids/thin.4000.pid
>> Using rack adapter
>> Thin web server (v1.5.0 codename Knife)
>> Maximum connections set to 1024
>> Listening on 0.0.0.0:4000, CTRL+C to stop
>> Exiting!
>> Writing PID to tmp/pids/thin.4000.pid
>> Using rack adapter
>> Thin web server (v1.5.0 codename Knife)
>> Maximum connections set to 1024
>> Listening on 0.0.0.0:4000, CTRL+C to stop
>> Writing PID to tmp/pids/thin.4000.pid
>> Using rack adapter
>> Thin web server (v1.5.0 codename Knife)
>> Maximum connections set to 1024
>> Listening on 0.0.0.0:4000, CTRL+C to stop
>> Exiting!
/home/sanvi/.rvm/gems/ruby-1.9.3-p194/gems/eventmachine-1.0.0/lib/eventmachine.rb:526:in `start_tcp_server': no acceptor (port is in use or requires root privileges) (RuntimeError)
	from /home/sanvi/.rvm/gems/ruby-1.9.3-p194/gems/eventmachine-1.0.0/lib/eventmachine.rb:526:in `start_server'
	from /home/sanvi/.rvm/gems/ruby-1.9.3-p194/gems/thin-1.5.0/lib/thin/backends/tcp_server.rb:16:in `connect'
	from /home/sanvi/.rvm/gems/ruby-1.9.3-p194/gems/thin-1.5.0/lib/thin/backends/base.rb:55:in `block in start'
	from /home/sanvi/.rvm/gems/ruby-1.9.3-p194/gems/eventmachine-1.0.0/lib/eventmachine.rb:187:in `call'
	from /home/sanvi/.rvm/gems/ruby-1.9.3-p194/gems/eventmachine-1.0.0/lib/eventmachine.rb:187:in `run_machine'
	from /home/sanvi/.rvm/gems/ruby-1.9.3-p194/gems/eventmachine-1.0.0/lib/eventmachine.rb:187:in `run'
	from /home/sanvi/.rvm/gems/ruby-1.9.3-p194/gems/thin-1.5.0/lib/thin/backends/base.rb:63:in `start'
	from /home/sanvi/.rvm/gems/ruby-1.9.3-p194/gems/thin-1.5.0/lib/thin/server.rb:159:in `start'
	from /home/sanvi/.rvm/gems/ruby-1.9.3-p194/gems/thin-1.5.0/lib/thin/controllers/controller.rb:86:in `start'
	from /home/sanvi/.rvm/gems/ruby-1.9.3-p194/gems/thin-1.5.0/lib/thin/runner.rb:187:in `run_command'
	from /home/sanvi/.rvm/gems/ruby-1.9.3-p194/gems/thin-1.5.0/lib/thin/runner.rb:152:in `run!'
	from /home/sanvi/.rvm/gems/ruby-1.9.3-p194/gems/thin-1.5.0/bin/thin:6:in `<top (required)>'
	from /home/sanvi/.rvm/gems/ruby-1.9.3-p194/bin/thin:23:in `load'
	from /home/sanvi/.rvm/gems/ruby-1.9.3-p194/bin/thin:23:in `<main>'
>> Exiting!
>> Writing PID to tmp/pids/thin.4000.pid
>> Using rack adapter
>> Thin web server (v1.5.0 codename Knife)
>> Maximum connections set to 1024
>> Listening on 127.0.0.1:4000, CTRL+C to stop
>> Exiting!
>> Writing PID to tmp/pids/thin.4000.pid
>> Using rack adapter
>> Thin web server (v1.5.0 codename Knife)
>> Maximum connections set to 1024
>> Listening on 0.0.0.0:4000, CTRL+C to stop
=======
>> Stopping ...
>> Exiting!
>>>>>>> b03b7597d30d5cc712c5c9e79c26a07155b965be
>> Writing PID to tmp/pids/thin.4000.pid
>> Using rack adapter
>> Thin web server (v1.5.0 codename Knife)
>> Maximum connections set to 1024
>> Listening on 0.0.0.0:4000, CTRL+C to stop
